<?xml version="1.0" encoding="UTF-8"?>
<!-- Generated by org.testng.reporters.JUnitXMLReporter -->
<testsuite hostname="DEV_TEST_JOYDIP" ignored="4" name="Test" tests="8" failures="0" timestamp="07 Dec 2018 07:23:09 GMT" time="361.761" errors="0">
  <testcase name="Secure_Report_payment_Testcase" time="21.103" classname="LTCPOfficel.Secure_Report_Paymentgatewaytest">
    <skipped/>
  </testcase> <!-- Secure_Report_payment_Testcase -->
  <testcase name="Secure_Report_payment_Testcase" time="21.076" classname="LTCPOfficel.Secure_Report_Paymentgatewaytest">
    <skipped/>
  </testcase> <!-- Secure_Report_payment_Testcase -->
  <testcase name="Secure_Report_payment_Testcase" time="47.141" classname="LTCPOfficel.Secure_Report_Paymentgatewaytest"/>
  <testcase name="Secure_Report_Courier_Testcase" time="56.269" classname="LTCPOfficel.Secure_Report_couriertest"/>
  <testcase name="Secure_Report_Package_Testcase" time="42.785" classname="LTCPOfficel.Secure_Report_Package_FileTest"/>
  <testcase name="Secure_Report_Transmonitor_Testcase" time="42.469" classname="LTCPOfficel.Secure_Report_Transection_monitortest"/>
  <testcase name="Secure_Report_PaymentConsolidation_Testcase" time="21.505" classname="LTCPOfficel.Secure_Report_Payment_Consolidationtest">
    <skipped/>
  </testcase> <!-- Secure_Report_PaymentConsolidation_Testcase -->
  <testcase name="Secure_Report_PaymentConsolidation_Testcase" time="42.322" classname="LTCPOfficel.Secure_Report_Payment_Consolidationtest"/>
  <testcase name="@BeforeSuite setup" time="0.0" classname="configuration.Basesuit">
    <ignored/>
  </testcase> <!-- @BeforeSuite setup -->
  <testcase name="@BeforeSuite setup" time="0.0" classname="configuration.Basesuit">
    <ignored/>
  </testcase> <!-- @BeforeSuite setup -->
  <testcase name="@BeforeSuite setup" time="0.0" classname="configuration.Basesuit">
    <ignored/>
  </testcase> <!-- @BeforeSuite setup -->
  <testcase name="@BeforeSuite setup" time="0.0" classname="configuration.Basesuit">
    <ignored/>
  </testcase> <!-- @BeforeSuite setup -->
</testsuite> <!-- Test -->
