<?xml version="1.0" encoding="UTF-8"?>
<!-- Generated by org.testng.reporters.JUnitXMLReporter -->
<testsuite hostname="DEV_TEST_JOYDIP" ignored="0" name="Test" tests="1" failures="1" timestamp="29 Jan 2019 09:00:43 GMT" time="64.253" errors="0">
  <testcase name="Client_UAT_Citizen" time="56.541" classname="client.ClientUATCitizen">
    <failure type="java.lang.AssertionError" message="expected [false] but found [true]">
      <![CDATA[java.lang.AssertionError: expected [false] but found [true]
at Screen.MyRequest_Makepayment.no_success(MyRequest_Makepayment.java:170)
at client.ClientUATCitizen.Client_UAT_Citizen(ClientUATCitizen.java:61)
... Removed 29 stack frames]]>
    </failure>
  </testcase> <!-- Client_UAT_Citizen -->
</testsuite> <!-- Test -->
