<?xml version="1.0" encoding="UTF-8"?>
<!-- Generated by org.testng.reporters.JUnitXMLReporter -->
<testsuite hostname="DEV_TEST_JOYDIP" ignored="1" name="Test" tests="3" failures="0" timestamp="19 Dec 2018 11:40:07 GMT" time="424.38" errors="0">
  <testcase name="Client_UAT_Citizen" time="72.977" classname="client.ClientUATCitizen">
    <skipped/>
  </testcase> <!-- Client_UAT_Citizen -->
  <testcase name="Client_UAT_Citizen" time="69.512" classname="client.ClientUATCitizen"/>
  <testcase name="Client_UAT_office" time="258.149" classname="client.ClientUATSecure"/>
  <testcase name="@BeforeSuite setup" time="0.0" classname="configuration.Basesuit">
    <ignored/>
  </testcase> <!-- @BeforeSuite setup -->
</testsuite> <!-- Test -->
