<?xml version="1.0" encoding="UTF-8"?>
<!-- Generated by org.testng.reporters.JUnitXMLReporter -->
<testsuite hostname="DEV_TEST_JOYDIP" ignored="0" name="Test2" tests="2" failures="0" timestamp="07 Dec 2018 10:56:03 GMT" time="69.178" errors="0">
  <testcase name="Updateprofile_Testcase" time="21.144" classname="LTCPS.Project.UpdateProfileTest">
    <skipped/>
  </testcase> <!-- Updateprofile_Testcase -->
  <testcase name="Updateprofile_Testcase" time="27.068" classname="LTCPS.Project.UpdateProfileTest"/>
</testsuite> <!-- Test2 -->
